1702469321.323540 client started (27785): version 3.3a, socket /tmp/tmux-1001/default, protocol 8
1702469321.323579 on Linux 6.1.67-1-lts #1 SMP PREEMPT_DYNAMIC Mon, 11 Dec 2023 12:58:39 +0000
1702469321.323586 using libevent 2.1.12-stable (poll); ncurses 6.4
1702469321.323604 flags are 0x18010000
1702469321.323611 socket is /tmp/tmux-1001/default
1702469321.323625 trying connect
1702469321.323641 connect failed: Connection refused
1702469321.323652 lock file is /tmp/tmux-1001/default.lock
1702469321.323669 flock succeeded
1702469321.323676 got lock (6)
1702469321.323685 trying connect
1702469321.323694 connect failed: Connection refused
1702469321.323984 add peer 0x558296d94df0: 7 ((nil))
1702469321.324372 sending message 100 to peer 0x558296d94df0 (4 bytes)
1702469321.324382 sending message 111 to peer 0x558296d94df0 (8 bytes)
1702469321.324389 sending message 101 to peer 0x558296d94df0 (15 bytes)
1702469321.324396 sending message 109 to peer 0x558296d94df0 (4 bytes)
1702469321.324403 sending message 102 to peer 0x558296d94df0 (11 bytes)
1702469321.324407 sending message 108 to peer 0x558296d94df0 (29 bytes)
1702469321.324445 sending message 112 to peer 0x558296d94df0 (58 bytes)
1702469321.324454 sending message 112 to peer 0x558296d94df0 (5 bytes)
1702469321.324461 sending message 112 to peer 0x558296d94df0 (5 bytes)
1702469321.324468 sending message 112 to peer 0x558296d94df0 (6 bytes)
1702469321.324475 sending message 112 to peer 0x558296d94df0 (6 bytes)
1702469321.324477 sending message 112 to peer 0x558296d94df0 (11 bytes)
1702469321.324486 sending message 112 to peer 0x558296d94df0 (10 bytes)
1702469321.324493 sending message 112 to peer 0x558296d94df0 (13 bytes)
1702469321.324499 sending message 112 to peer 0x558296d94df0 (14 bytes)
1702469321.324506 sending message 112 to peer 0x558296d94df0 (19 bytes)
1702469321.324513 sending message 112 to peer 0x558296d94df0 (11 bytes)
1702469321.324520 sending message 112 to peer 0x558296d94df0 (10 bytes)
1702469321.324526 sending message 112 to peer 0x558296d94df0 (15 bytes)
1702469321.324533 sending message 112 to peer 0x558296d94df0 (21 bytes)
1702469321.324540 sending message 112 to peer 0x558296d94df0 (13 bytes)
1702469321.324545 sending message 112 to peer 0x558296d94df0 (7 bytes)
1702469321.324554 sending message 112 to peer 0x558296d94df0 (13 bytes)
1702469321.324560 sending message 112 to peer 0x558296d94df0 (7 bytes)
1702469321.324567 sending message 112 to peer 0x558296d94df0 (13 bytes)
1702469321.324574 sending message 112 to peer 0x558296d94df0 (9 bytes)
1702469321.324580 sending message 112 to peer 0x558296d94df0 (21 bytes)
1702469321.324587 sending message 112 to peer 0x558296d94df0 (13 bytes)
1702469321.324594 sending message 112 to peer 0x558296d94df0 (9 bytes)
1702469321.324601 sending message 112 to peer 0x558296d94df0 (16 bytes)
1702469321.324607 sending message 112 to peer 0x558296d94df0 (13 bytes)
1702469321.324614 sending message 112 to peer 0x558296d94df0 (9 bytes)
1702469321.324621 sending message 112 to peer 0x558296d94df0 (9 bytes)
1702469321.324627 sending message 112 to peer 0x558296d94df0 (12 bytes)
1702469321.324634 sending message 112 to peer 0x558296d94df0 (8 bytes)
1702469321.324641 sending message 112 to peer 0x558296d94df0 (8 bytes)
1702469321.324648 sending message 112 to peer 0x558296d94df0 (13 bytes)
1702469321.324655 sending message 112 to peer 0x558296d94df0 (7 bytes)
1702469321.324661 sending message 112 to peer 0x558296d94df0 (7 bytes)
1702469321.324668 sending message 112 to peer 0x558296d94df0 (9 bytes)
1702469321.324675 sending message 112 to peer 0x558296d94df0 (9 bytes)
1702469321.324681 sending message 112 to peer 0x558296d94df0 (15 bytes)
1702469321.324692 sending message 112 to peer 0x558296d94df0 (13 bytes)
1702469321.324699 sending message 112 to peer 0x558296d94df0 (12 bytes)
1702469321.324703 sending message 112 to peer 0x558296d94df0 (8 bytes)
1702469321.324710 sending message 112 to peer 0x558296d94df0 (14 bytes)
1702469321.324717 sending message 112 to peer 0x558296d94df0 (11 bytes)
1702469321.324723 sending message 112 to peer 0x558296d94df0 (9 bytes)
1702469321.324738 sending message 112 to peer 0x558296d94df0 (10 bytes)
1702469321.324744 sending message 112 to peer 0x558296d94df0 (10 bytes)
1702469321.324751 sending message 112 to peer 0x558296d94df0 (10 bytes)
1702469321.324758 sending message 112 to peer 0x558296d94df0 (10 bytes)
1702469321.324764 sending message 112 to peer 0x558296d94df0 (11 bytes)
1702469321.324771 sending message 112 to peer 0x558296d94df0 (12 bytes)
1702469321.324778 sending message 112 to peer 0x558296d94df0 (12 bytes)
1702469321.324785 sending message 112 to peer 0x558296d94df0 (12 bytes)
1702469321.324792 sending message 112 to peer 0x558296d94df0 (12 bytes)
1702469321.324798 sending message 112 to peer 0x558296d94df0 (12 bytes)
1702469321.324805 sending message 112 to peer 0x558296d94df0 (11 bytes)
1702469321.324812 sending message 112 to peer 0x558296d94df0 (11 bytes)
1702469321.324818 sending message 112 to peer 0x558296d94df0 (12 bytes)
1702469321.324825 sending message 112 to peer 0x558296d94df0 (12 bytes)
1702469321.324832 sending message 112 to peer 0x558296d94df0 (12 bytes)
1702469321.324839 sending message 112 to peer 0x558296d94df0 (12 bytes)
1702469321.324845 sending message 112 to peer 0x558296d94df0 (12 bytes)
1702469321.324852 sending message 112 to peer 0x558296d94df0 (9 bytes)
1702469321.324859 sending message 112 to peer 0x558296d94df0 (12 bytes)
1702469321.324866 sending message 112 to peer 0x558296d94df0 (13 bytes)
1702469321.324872 sending message 112 to peer 0x558296d94df0 (13 bytes)
1702469321.324879 sending message 112 to peer 0x558296d94df0 (13 bytes)
1702469321.324885 sending message 112 to peer 0x558296d94df0 (13 bytes)
1702469321.324888 sending message 112 to peer 0x558296d94df0 (13 bytes)
1702469321.324897 sending message 112 to peer 0x558296d94df0 (8 bytes)
1702469321.324904 sending message 112 to peer 0x558296d94df0 (11 bytes)
1702469321.324911 sending message 112 to peer 0x558296d94df0 (11 bytes)
1702469321.324917 sending message 112 to peer 0x558296d94df0 (11 bytes)
1702469321.324924 sending message 112 to peer 0x558296d94df0 (12 bytes)
1702469321.324931 sending message 112 to peer 0x558296d94df0 (12 bytes)
1702469321.324937 sending message 112 to peer 0x558296d94df0 (12 bytes)
1702469321.324944 sending message 112 to peer 0x558296d94df0 (12 bytes)
1702469321.324951 sending message 112 to peer 0x558296d94df0 (13 bytes)
1702469321.324958 sending message 112 to peer 0x558296d94df0 (13 bytes)
1702469321.324965 sending message 112 to peer 0x558296d94df0 (13 bytes)
1702469321.324971 sending message 112 to peer 0x558296d94df0 (8 bytes)
1702469321.324978 sending message 112 to peer 0x558296d94df0 (13 bytes)
1702469321.324985 sending message 112 to peer 0x558296d94df0 (13 bytes)
1702469321.324991 sending message 112 to peer 0x558296d94df0 (13 bytes)
1702469321.324998 sending message 112 to peer 0x558296d94df0 (13 bytes)
1702469321.325005 sending message 112 to peer 0x558296d94df0 (13 bytes)
1702469321.325012 sending message 112 to peer 0x558296d94df0 (12 bytes)
1702469321.325019 sending message 112 to peer 0x558296d94df0 (12 bytes)
1702469321.325025 sending message 112 to peer 0x558296d94df0 (12 bytes)
1702469321.325032 sending message 112 to peer 0x558296d94df0 (12 bytes)
1702469321.325039 sending message 112 to peer 0x558296d94df0 (13 bytes)
1702469321.325045 sending message 112 to peer 0x558296d94df0 (8 bytes)
1702469321.325052 sending message 112 to peer 0x558296d94df0 (13 bytes)
1702469321.325059 sending message 112 to peer 0x558296d94df0 (13 bytes)
1702469321.325066 sending message 112 to peer 0x558296d94df0 (13 bytes)
1702469321.325072 sending message 112 to peer 0x558296d94df0 (13 bytes)
1702469321.325079 sending message 112 to peer 0x558296d94df0 (13 bytes)
1702469321.325086 sending message 112 to peer 0x558296d94df0 (13 bytes)
1702469321.325092 sending message 112 to peer 0x558296d94df0 (13 bytes)
1702469321.325099 sending message 112 to peer 0x558296d94df0 (12 bytes)
1702469321.325106 sending message 112 to peer 0x558296d94df0 (12 bytes)
1702469321.325113 sending message 112 to peer 0x558296d94df0 (12 bytes)
1702469321.325126 sending message 112 to peer 0x558296d94df0 (8 bytes)
1702469321.325133 sending message 112 to peer 0x558296d94df0 (12 bytes)
1702469321.325140 sending message 112 to peer 0x558296d94df0 (13 bytes)
1702469321.325147 sending message 112 to peer 0x558296d94df0 (13 bytes)
1702469321.325153 sending message 112 to peer 0x558296d94df0 (13 bytes)
1702469321.325160 sending message 112 to peer 0x558296d94df0 (13 bytes)
1702469321.325167 sending message 112 to peer 0x558296d94df0 (13 bytes)
1702469321.325173 sending message 112 to peer 0x558296d94df0 (13 bytes)
1702469321.325180 sending message 112 to peer 0x558296d94df0 (13 bytes)
1702469321.325187 sending message 112 to peer 0x558296d94df0 (13 bytes)
1702469321.325193 sending message 112 to peer 0x558296d94df0 (12 bytes)
1702469321.325200 sending message 112 to peer 0x558296d94df0 (10 bytes)
1702469321.325207 sending message 112 to peer 0x558296d94df0 (12 bytes)
1702469321.325214 sending message 112 to peer 0x558296d94df0 (12 bytes)
1702469321.325220 sending message 112 to peer 0x558296d94df0 (12 bytes)
1702469321.325227 sending message 112 to peer 0x558296d94df0 (13 bytes)
1702469321.325234 sending message 112 to peer 0x558296d94df0 (13 bytes)
1702469321.325240 sending message 112 to peer 0x558296d94df0 (13 bytes)
1702469321.325247 sending message 112 to peer 0x558296d94df0 (13 bytes)
1702469321.325254 sending message 112 to peer 0x558296d94df0 (13 bytes)
1702469321.325261 sending message 112 to peer 0x558296d94df0 (13 bytes)
1702469321.325268 sending message 112 to peer 0x558296d94df0 (13 bytes)
1702469321.325274 sending message 112 to peer 0x558296d94df0 (10 bytes)
1702469321.325281 sending message 112 to peer 0x558296d94df0 (13 bytes)
1702469321.325288 sending message 112 to peer 0x558296d94df0 (12 bytes)
1702469321.325294 sending message 112 to peer 0x558296d94df0 (12 bytes)
1702469321.325301 sending message 112 to peer 0x558296d94df0 (12 bytes)
1702469321.325308 sending message 112 to peer 0x558296d94df0 (10 bytes)
1702469321.325315 sending message 112 to peer 0x558296d94df0 (10 bytes)
1702469321.325321 sending message 112 to peer 0x558296d94df0 (10 bytes)
1702469321.325328 sending message 112 to peer 0x558296d94df0 (12 bytes)
1702469321.325335 sending message 112 to peer 0x558296d94df0 (13 bytes)
1702469321.325342 sending message 112 to peer 0x558296d94df0 (13 bytes)
1702469321.325348 sending message 112 to peer 0x558296d94df0 (13 bytes)
1702469321.325352 sending message 112 to peer 0x558296d94df0 (13 bytes)
1702469321.325360 sending message 112 to peer 0x558296d94df0 (13 bytes)
1702469321.325367 sending message 112 to peer 0x558296d94df0 (10 bytes)
1702469321.325373 sending message 112 to peer 0x558296d94df0 (11 bytes)
1702469321.325380 sending message 112 to peer 0x558296d94df0 (12 bytes)
1702469321.325387 sending message 112 to peer 0x558296d94df0 (12 bytes)
1702469321.325394 sending message 112 to peer 0x558296d94df0 (12 bytes)
1702469321.325400 sending message 112 to peer 0x558296d94df0 (12 bytes)
1702469321.325407 sending message 112 to peer 0x558296d94df0 (12 bytes)
1702469321.325414 sending message 112 to peer 0x558296d94df0 (11 bytes)
1702469321.325420 sending message 112 to peer 0x558296d94df0 (12 bytes)
1702469321.325427 sending message 112 to peer 0x558296d94df0 (12 bytes)
1702469321.325434 sending message 112 to peer 0x558296d94df0 (13 bytes)
1702469321.325440 sending message 112 to peer 0x558296d94df0 (13 bytes)
1702469321.325447 sending message 112 to peer 0x558296d94df0 (13 bytes)
1702469321.325454 sending message 112 to peer 0x558296d94df0 (13 bytes)
1702469321.325461 sending message 112 to peer 0x558296d94df0 (13 bytes)
1702469321.325468 sending message 112 to peer 0x558296d94df0 (10 bytes)
1702469321.325474 sending message 112 to peer 0x558296d94df0 (9 bytes)
1702469321.325481 sending message 112 to peer 0x558296d94df0 (12 bytes)
1702469321.325488 sending message 112 to peer 0x558296d94df0 (13 bytes)
1702469321.325494 sending message 112 to peer 0x558296d94df0 (13 bytes)
1702469321.325501 sending message 112 to peer 0x558296d94df0 (13 bytes)
1702469321.325511 sending message 112 to peer 0x558296d94df0 (13 bytes)
1702469321.325520 sending message 112 to peer 0x558296d94df0 (13 bytes)
1702469321.325526 sending message 112 to peer 0x558296d94df0 (9 bytes)
1702469321.325533 sending message 112 to peer 0x558296d94df0 (12 bytes)
1702469321.325540 sending message 112 to peer 0x558296d94df0 (13 bytes)
1702469321.325546 sending message 112 to peer 0x558296d94df0 (13 bytes)
1702469321.325553 sending message 112 to peer 0x558296d94df0 (13 bytes)
1702469321.325560 sending message 112 to peer 0x558296d94df0 (13 bytes)
1702469321.325566 sending message 112 to peer 0x558296d94df0 (13 bytes)
1702469321.325573 sending message 112 to peer 0x558296d94df0 (11 bytes)
1702469321.325580 sending message 112 to peer 0x558296d94df0 (12 bytes)
1702469321.325587 sending message 112 to peer 0x558296d94df0 (13 bytes)
1702469321.325594 sending message 112 to peer 0x558296d94df0 (13 bytes)
1702469321.325600 sending message 112 to peer 0x558296d94df0 (13 bytes)
1702469321.325607 sending message 112 to peer 0x558296d94df0 (13 bytes)
1702469321.325613 sending message 112 to peer 0x558296d94df0 (13 bytes)
1702469321.325620 sending message 112 to peer 0x558296d94df0 (11 bytes)
1702469321.325627 sending message 112 to peer 0x558296d94df0 (12 bytes)
1702469321.325634 sending message 112 to peer 0x558296d94df0 (12 bytes)
1702469321.325641 sending message 112 to peer 0x558296d94df0 (12 bytes)
1702469321.325647 sending message 112 to peer 0x558296d94df0 (12 bytes)
1702469321.325654 sending message 112 to peer 0x558296d94df0 (12 bytes)
1702469321.325661 sending message 112 to peer 0x558296d94df0 (21 bytes)
1702469321.325667 sending message 112 to peer 0x558296d94df0 (12 bytes)
1702469321.325674 sending message 112 to peer 0x558296d94df0 (9 bytes)
1702469321.325681 sending message 112 to peer 0x558296d94df0 (6 bytes)
1702469321.325688 sending message 112 to peer 0x558296d94df0 (13 bytes)
1702469321.325695 sending message 112 to peer 0x558296d94df0 (10 bytes)
1702469321.325701 sending message 112 to peer 0x558296d94df0 (24 bytes)
1702469321.325708 sending message 112 to peer 0x558296d94df0 (13 bytes)
1702469321.325714 sending message 112 to peer 0x558296d94df0 (9 bytes)
1702469321.325721 sending message 112 to peer 0x558296d94df0 (70 bytes)
1702469321.325724 sending message 112 to peer 0x558296d94df0 (69 bytes)
1702469321.325733 sending message 112 to peer 0x558296d94df0 (12 bytes)
1702469321.325739 sending message 112 to peer 0x558296d94df0 (10 bytes)
1702469321.325746 sending message 112 to peer 0x558296d94df0 (10 bytes)
1702469321.325753 sending message 112 to peer 0x558296d94df0 (24 bytes)
1702469321.325760 sending message 112 to peer 0x558296d94df0 (13 bytes)
1702469321.325766 sending message 112 to peer 0x558296d94df0 (10 bytes)
1702469321.325773 sending message 112 to peer 0x558296d94df0 (10 bytes)
1702469321.325780 sending message 112 to peer 0x558296d94df0 (10 bytes)
1702469321.325787 sending message 112 to peer 0x558296d94df0 (13 bytes)
1702469321.325793 sending message 112 to peer 0x558296d94df0 (15 bytes)
1702469321.325800 sending message 112 to peer 0x558296d94df0 (5 bytes)
1702469321.325807 sending message 104 to peer 0x558296d94df0 (0 bytes)
1702469321.325814 sending message 110 to peer 0x558296d94df0 (0 bytes)
1702469321.325820 sending message 107 to peer 0x558296d94df0 (4 bytes)
1702469321.325827 sending message 105 to peer 0x558296d94df0 (19 bytes)
1702469321.325834 sending message 105 to peer 0x558296d94df0 (22 bytes)
1702469321.325840 sending message 105 to peer 0x558296d94df0 (58 bytes)
1702469321.325847 sending message 105 to peer 0x558296d94df0 (20 bytes)
1702469321.325854 sending message 105 to peer 0x558296d94df0 (38 bytes)
1702469321.325861 sending message 105 to peer 0x558296d94df0 (25 bytes)
1702469321.325868 sending message 105 to peer 0x558296d94df0 (16 bytes)
1702469321.325874 sending message 105 to peer 0x558296d94df0 (12 bytes)
1702469321.325881 sending message 105 to peer 0x558296d94df0 (15 bytes)
1702469321.325888 sending message 105 to peer 0x558296d94df0 (33 bytes)
1702469321.325898 sending message 105 to peer 0x558296d94df0 (14 bytes)
1702469321.325906 sending message 105 to peer 0x558296d94df0 (29 bytes)
1702469321.325913 sending message 105 to peer 0x558296d94df0 (27 bytes)
1702469321.325919 sending message 105 to peer 0x558296d94df0 (25 bytes)
1702469321.325926 sending message 105 to peer 0x558296d94df0 (16 bytes)
1702469321.325933 sending message 105 to peer 0x558296d94df0 (15 bytes)
1702469321.325940 sending message 105 to peer 0x558296d94df0 (17 bytes)
1702469321.325946 sending message 105 to peer 0x558296d94df0 (17 bytes)
1702469321.325953 sending message 105 to peer 0x558296d94df0 (30 bytes)
1702469321.325960 sending message 105 to peer 0x558296d94df0 (29 bytes)
1702469321.325967 sending message 105 to peer 0x558296d94df0 (26 bytes)
1702469321.325974 sending message 105 to peer 0x558296d94df0 (52 bytes)
1702469321.325980 sending message 105 to peer 0x558296d94df0 (23 bytes)
1702469321.325987 sending message 105 to peer 0x558296d94df0 (11 bytes)
1702469321.325994 sending message 105 to peer 0x558296d94df0 (80 bytes)
1702469321.326000 sending message 105 to peer 0x558296d94df0 (11 bytes)
1702469321.326007 sending message 105 to peer 0x558296d94df0 (8 bytes)
1702469321.326014 sending message 105 to peer 0x558296d94df0 (21 bytes)
1702469321.326017 sending message 105 to peer 0x558296d94df0 (11 bytes)
1702469321.326025 sending message 105 to peer 0x558296d94df0 (17 bytes)
1702469321.326032 sending message 105 to peer 0x558296d94df0 (31 bytes)
1702469321.326038 sending message 105 to peer 0x558296d94df0 (50 bytes)
1702469321.326045 sending message 105 to peer 0x558296d94df0 (30 bytes)
1702469321.326052 sending message 105 to peer 0x558296d94df0 (203 bytes)
1702469321.326055 sending message 105 to peer 0x558296d94df0 (54 bytes)
1702469321.326062 sending message 105 to peer 0x558296d94df0 (27 bytes)
1702469321.326069 sending message 105 to peer 0x558296d94df0 (19 bytes)
1702469321.326076 sending message 105 to peer 0x558296d94df0 (20 bytes)
1702469321.326082 sending message 105 to peer 0x558296d94df0 (20 bytes)
1702469321.326089 sending message 105 to peer 0x558296d94df0 (27 bytes)
1702469321.326096 sending message 105 to peer 0x558296d94df0 (11 bytes)
1702469321.326103 sending message 105 to peer 0x558296d94df0 (8 bytes)
1702469321.326110 sending message 105 to peer 0x558296d94df0 (32 bytes)
1702469321.326116 sending message 105 to peer 0x558296d94df0 (1817 bytes)
1702469321.326132 sending message 105 to peer 0x558296d94df0 (12 bytes)
1702469321.326139 sending message 105 to peer 0x558296d94df0 (19 bytes)
1702469321.326145 sending message 105 to peer 0x558296d94df0 (38 bytes)
1702469321.326152 sending message 105 to peer 0x558296d94df0 (25 bytes)
1702469321.326159 sending message 105 to peer 0x558296d94df0 (16 bytes)
1702469321.326166 sending message 105 to peer 0x558296d94df0 (52 bytes)
1702469321.326173 sending message 105 to peer 0x558296d94df0 (61 bytes)
1702469321.326179 sending message 106 to peer 0x558296d94df0 (0 bytes)
1702469321.326240 sending message 200 to peer 0x558296d94df0 (4 bytes)
1702469321.326247 client loop enter
1702469321.326263 client_signal: Child exited
1702469322.386387 peer 0x558296d94df0 message 207
1702469322.386410 sending message 208 to peer 0x558296d94df0 (0 bytes)
1702469324.758867 peer 0x558296d94df0 message 203
1702469324.758890 sending message 205 to peer 0x558296d94df0 (0 bytes)
1702469324.759466 peer 0x558296d94df0 message 204
1702469324.759484 client loop exit
